<?xml version="1.0" encoding="UTF-8"?>
<testng-results skipped="0" failed="0" total="1" passed="1">
  <reporter-output>
  </reporter-output>
  <suite name="Default suite" duration-ms="34772" started-at="2017-03-29T23:20:29Z" finished-at="2017-03-29T23:21:03Z">
    <groups>
    </groups>
    <test name="Default test" duration-ms="34772" started-at="2017-03-29T23:20:29Z" finished-at="2017-03-29T23:21:03Z">
      <class name="com.holmusk.glycoleap.scenarios.ForgotPassword">
        <test-method status="PASS" signature="prepareAndroidForAppium()" name="prepareAndroidForAppium" is-config="true" duration-ms="20162" started-at="2017-03-29T23:20:29Z" finished-at="2017-03-29T23:20:49Z">
        </test-method>
        <test-method status="PASS" signature="forgotPassword()" name="forgotPassword" duration-ms="13402" started-at="2017-03-29T23:20:49Z" finished-at="2017-03-29T23:21:02Z">
        </test-method>
        <test-method status="PASS" signature="teardown()" name="teardown" is-config="true" duration-ms="1184" started-at="2017-03-29T23:21:02Z" finished-at="2017-03-29T23:21:03Z">
        </test-method>
      </class>
    </test>
  </suite>
</testng-results>
